This file contains any messages produced by compilers while
running configure, to aid debugging if configure makes a mistake.

It was created by madoka configure 0.0.2, which was
generated by GNU Autoconf 2.68.  Invocation command line was

  $ ./configure 

## --------- ##
## Platform. ##
## --------- ##

hostname = mostafa-IdeaPad-U410
uname -m = x86_64
uname -r = 4.15.0-33-generic
uname -s = Linux
uname -v = #36-Ubuntu SMP Wed Aug 15 16:00:05 UTC 2018

/usr/bin/uname -p = unknown
/bin/uname -X     = unknown

/bin/arch              = unknown
/usr/bin/arch -k       = unknown
/usr/convex/getsysinfo = unknown
/usr/bin/hostinfo      = unknown
/bin/machine           = unknown
/usr/bin/oslevel       = unknown
/bin/universe          = unknown

PATH: /home/mostafa/.linuxbrew/bin
PATH: /usr/local/heroku/bin
PATH: /home/mostafa/.rvm/gems/ruby-2.0.0-p353/bin
PATH: /home/mostafa/.rvm/gems/ruby-2.0.0-p353@global/bin
PATH: /home/mostafa/.rvm/rubies/ruby-2.0.0-p353/bin
PATH: /home/mostafa/.rvm/bin
PATH: /home/mostafa/.linuxbrew/bin
PATH: /usr/local/heroku/bin
PATH: /usr/local/sbin
PATH: /usr/local/bin
PATH: /usr/sbin
PATH: /usr/bin
PATH: /sbin
PATH: /bin
PATH: /usr/games
PATH: /usr/local/games
PATH: /snap/bin
PATH: /home/mostafa/Intel/bin/
PATH: /home/mostafa/.rvm/bin
PATH: /home/mostafa/Intel/bin/


## ----------- ##
## Core tests. ##
## ----------- ##

configure:2273: checking for a BSD-compatible install
configure:2341: result: /usr/bin/install -c
configure:2352: checking whether build environment is sane
configure:2402: result: yes
configure:2543: checking for a thread-safe mkdir -p
configure:2582: result: /bin/mkdir -p
configure:2595: checking for gawk
configure:2611: found /usr/bin/gawk
configure:2622: result: gawk
configure:2633: checking whether make sets $(MAKE)
configure:2655: result: yes
configure:2795: checking for g++
configure:2811: found /usr/bin/g++
configure:2822: result: g++
configure:2849: checking for C++ compiler version
configure:2858: g++ --version >&5
g++ (Ubuntu 7.3.0-16ubuntu3) 7.3.0
Copyright (C) 2017 Free Software Foundation, Inc.
This is free software; see the source for copying conditions.  There is NO
warranty; not even for MERCHANTABILITY or FITNESS FOR A PARTICULAR PURPOSE.

configure:2869: $? = 0
configure:2858: g++ -v >&5
Using built-in specs.
COLLECT_GCC=g++
COLLECT_LTO_WRAPPER=/usr/lib/gcc/x86_64-linux-gnu/7/lto-wrapper
OFFLOAD_TARGET_NAMES=nvptx-none
OFFLOAD_TARGET_DEFAULT=1
Target: x86_64-linux-gnu
Configured with: ../src/configure -v --with-pkgversion='Ubuntu 7.3.0-16ubuntu3' --with-bugurl=file:///usr/share/doc/gcc-7/README.Bugs --enable-languages=c,ada,c++,go,brig,d,fortran,objc,obj-c++ --prefix=/usr --with-gcc-major-version-only --with-as=/usr/bin/x86_64-linux-gnu-as --with-ld=/usr/bin/x86_64-linux-gnu-ld --program-suffix=-7 --program-prefix=x86_64-linux-gnu- --enable-shared --enable-linker-build-id --libexecdir=/usr/lib --without-included-gettext --enable-threads=posix --libdir=/usr/lib --enable-nls --with-sysroot=/ --enable-clocale=gnu --enable-libstdcxx-debug --enable-libstdcxx-time=yes --with-default-libstdcxx-abi=new --enable-gnu-unique-object --disable-vtable-verify --enable-libmpx --enable-plugin --enable-default-pie --with-system-zlib --with-target-system-zlib --enable-objc-gc=auto --enable-multiarch --disable-werror --with-arch-32=i686 --with-abi=m64 --with-multilib-list=m32,m64,mx32 --enable-multilib --with-tune=generic --enable-offload-targets=nvptx-none --without-cuda-driver --enable-checking=release --build=x86_64-linux-gnu --host=x86_64-linux-gnu --target=x86_64-linux-gnu
Thread model: posix
gcc version 7.3.0 (Ubuntu 7.3.0-16ubuntu3) 
configure:2869: $? = 0
configure:2858: g++ -V >&5
g++: error: unrecognized command line option '-V'
g++: fatal error: no input files
compilation terminated.
configure:2869: $? = 1
configure:2858: g++ -qversion >&5
g++: error: unrecognized command line option '-qversion'; did you mean '--version'?
g++: fatal error: no input files
compilation terminated.
configure:2869: $? = 1
configure:2889: checking whether the C++ compiler works
configure:2911: g++    conftest.cpp  >&5
configure:2915: $? = 0
configure:2963: result: yes
configure:2966: checking for C++ compiler default output file name
configure:2968: result: a.out
configure:2974: checking for suffix of executables
configure:2981: g++ -o conftest    conftest.cpp  >&5
configure:2985: $? = 0
configure:3007: result: 
configure:3029: checking whether we are cross compiling
configure:3037: g++ -o conftest    conftest.cpp  >&5
configure:3041: $? = 0
configure:3048: ./conftest
configure:3052: $? = 0
configure:3067: result: no
configure:3072: checking for suffix of object files
configure:3094: g++ -c   conftest.cpp >&5
configure:3098: $? = 0
configure:3119: result: o
configure:3123: checking whether we are using the GNU C++ compiler
configure:3142: g++ -c   conftest.cpp >&5
configure:3142: $? = 0
configure:3151: result: yes
configure:3160: checking whether g++ accepts -g
configure:3180: g++ -c -g  conftest.cpp >&5
configure:3180: $? = 0
configure:3221: result: yes
configure:3255: checking for style of include used by make
configure:3283: result: GNU
configure:3308: checking dependency style of g++
configure:3418: result: gcc3
configure:3481: checking for gcc
configure:3497: found /usr/bin/gcc
configure:3508: result: gcc
configure:3737: checking for C compiler version
configure:3746: gcc --version >&5
gcc (Ubuntu 7.3.0-16ubuntu3) 7.3.0
Copyright (C) 2017 Free Software Foundation, Inc.
This is free software; see the source for copying conditions.  There is NO
warranty; not even for MERCHANTABILITY or FITNESS FOR A PARTICULAR PURPOSE.

configure:3757: $? = 0
configure:3746: gcc -v >&5
Using built-in specs.
COLLECT_GCC=gcc
COLLECT_LTO_WRAPPER=/usr/lib/gcc/x86_64-linux-gnu/7/lto-wrapper
OFFLOAD_TARGET_NAMES=nvptx-none
OFFLOAD_TARGET_DEFAULT=1
Target: x86_64-linux-gnu
Configured with: ../src/configure -v --with-pkgversion='Ubuntu 7.3.0-16ubuntu3' --with-bugurl=file:///usr/share/doc/gcc-7/README.Bugs --enable-languages=c,ada,c++,go,brig,d,fortran,objc,obj-c++ --prefix=/usr --with-gcc-major-version-only --with-as=/usr/bin/x86_64-linux-gnu-as --with-ld=/usr/bin/x86_64-linux-gnu-ld --program-suffix=-7 --program-prefix=x86_64-linux-gnu- --enable-shared --enable-linker-build-id --libexecdir=/usr/lib --without-included-gettext --enable-threads=posix --libdir=/usr/lib --enable-nls --with-sysroot=/ --enable-clocale=gnu --enable-libstdcxx-debug --enable-libstdcxx-time=yes --with-default-libstdcxx-abi=new --enable-gnu-unique-object --disable-vtable-verify --enable-libmpx --enable-plugin --enable-default-pie --with-system-zlib --with-target-system-zlib --enable-objc-gc=auto --enable-multiarch --disable-werror --with-arch-32=i686 --with-abi=m64 --with-multilib-list=m32,m64,mx32 --enable-multilib --with-tune=generic --enable-offload-targets=nvptx-none --without-cuda-driver --enable-checking=release --build=x86_64-linux-gnu --host=x86_64-linux-gnu --target=x86_64-linux-gnu
Thread model: posix
gcc version 7.3.0 (Ubuntu 7.3.0-16ubuntu3) 
configure:3757: $? = 0
configure:3746: gcc -V >&5
gcc: error: unrecognized command line option '-V'
gcc: fatal error: no input files
compilation terminated.
configure:3757: $? = 1
configure:3746: gcc -qversion >&5
gcc: error: unrecognized command line option '-qversion'; did you mean '--version'?
gcc: fatal error: no input files
compilation terminated.
configure:3757: $? = 1
configure:3761: checking whether we are using the GNU C compiler
configure:3780: gcc -c   conftest.c >&5
configure:3780: $? = 0
configure:3789: result: yes
configure:3798: checking whether gcc accepts -g
configure:3818: gcc -c -g  conftest.c >&5
configure:3818: $? = 0
configure:3859: result: yes
configure:3876: checking for gcc option to accept ISO C89
configure:3940: gcc  -c -g -O2  conftest.c >&5
configure:3940: $? = 0
configure:3953: result: none needed
configure:3975: checking dependency style of gcc
configure:4085: result: gcc3
configure:4143: checking for ranlib
configure:4159: found /usr/bin/ranlib
configure:4170: result: ranlib
configure:4221: checking build system type
configure:4235: result: x86_64-unknown-linux-gnu
configure:4255: checking host system type
configure:4268: result: x86_64-unknown-linux-gnu
configure:4309: checking how to print strings
configure:4336: result: printf
configure:4357: checking for a sed that does not truncate output
configure:4421: result: /bin/sed
configure:4439: checking for grep that handles long lines and -e
configure:4497: result: /bin/grep
configure:4502: checking for egrep
configure:4564: result: /bin/grep -E
configure:4569: checking for fgrep
configure:4631: result: /bin/grep -F
configure:4666: checking for ld used by gcc
configure:4733: result: /usr/bin/x86_64-linux-gnu-ld
configure:4740: checking if the linker (/usr/bin/x86_64-linux-gnu-ld) is GNU ld
configure:4755: result: yes
configure:4767: checking for BSD- or MS-compatible name lister (nm)
configure:4816: result: /usr/bin/nm -B
configure:4946: checking the name lister (/usr/bin/nm -B) interface
configure:4953: gcc -c -g -O2  conftest.c >&5
configure:4956: /usr/bin/nm -B "conftest.o"
configure:4959: output
0000000000000000 B some_variable
configure:4966: result: BSD nm
configure:4969: checking whether ln -s works
configure:4973: result: yes
configure:4981: checking the maximum length of command line arguments
configure:5106: result: 1572864
configure:5123: checking whether the shell understands some XSI constructs
configure:5133: result: yes
configure:5137: checking whether the shell understands "+="
configure:5143: result: yes
configure:5178: checking how to convert x86_64-unknown-linux-gnu file names to x86_64-unknown-linux-gnu format
configure:5218: result: func_convert_file_noop
configure:5225: checking how to convert x86_64-unknown-linux-gnu file names to toolchain format
configure:5245: result: func_convert_file_noop
configure:5252: checking for /usr/bin/x86_64-linux-gnu-ld option to reload object files
configure:5259: result: -r
configure:5333: checking for objdump
configure:5349: found /usr/bin/objdump
configure:5360: result: objdump
configure:5392: checking how to recognize dependent libraries
configure:5594: result: pass_all
configure:5679: checking for dlltool
configure:5709: result: no
configure:5739: checking how to associate runtime and link libraries
configure:5766: result: printf %s\n
configure:5827: checking for ar
configure:5843: found /usr/bin/ar
configure:5854: result: ar
configure:5891: checking for archiver @FILE support
configure:5908: gcc -c -g -O2  conftest.c >&5
configure:5908: $? = 0
configure:5911: ar cru libconftest.a @conftest.lst >&5
ar: `u' modifier ignored since `D' is the default (see `U')
configure:5914: $? = 0
configure:5919: ar cru libconftest.a @conftest.lst >&5
ar: `u' modifier ignored since `D' is the default (see `U')
ar: conftest.o: No such file or directory
configure:5922: $? = 1
configure:5934: result: @
configure:5992: checking for strip
configure:6008: found /usr/bin/strip
configure:6019: result: strip
configure:6091: checking for ranlib
configure:6118: result: ranlib
configure:6220: checking command to parse /usr/bin/nm -B output from gcc object
configure:6339: gcc -c -g -O2  conftest.c >&5
configure:6342: $? = 0
configure:6346: /usr/bin/nm -B conftest.o \| sed -n -e 's/^.*[ ]\([ABCDGIRSTW][ABCDGIRSTW]*\)[ ][ ]*\([_A-Za-z][_A-Za-z0-9]*\)$/\1 \2 \2/p' | sed '/ __gnu_lto/d' \> conftest.nm
configure:6349: $? = 0
configure:6415: gcc -o conftest -g -O2   conftest.c conftstm.o >&5
configure:6418: $? = 0
configure:6456: result: ok
configure:6493: checking for sysroot
configure:6523: result: no
configure:6600: gcc -c -g -O2  conftest.c >&5
configure:6603: $? = 0
configure:6766: checking for mt
configure:6782: found /bin/mt
configure:6793: result: mt
configure:6816: checking if mt is a manifest tool
configure:6822: mt '-?'
configure:6830: result: no
configure:7462: checking how to run the C preprocessor
configure:7493: gcc -E  conftest.c
configure:7493: $? = 0
configure:7507: gcc -E  conftest.c
conftest.c:11:10: fatal error: ac_nonexistent.h: No such file or directory
 #include <ac_nonexistent.h>
          ^~~~~~~~~~~~~~~~~~
compilation terminated.
configure:7507: $? = 1
configure: failed program was:
| /* confdefs.h */
| #define PACKAGE_NAME "madoka"
| #define PACKAGE_TARNAME "madoka"
| #define PACKAGE_VERSION "0.0.2"
| #define PACKAGE_STRING "madoka 0.0.2"
| #define PACKAGE_BUGREPORT "susumu.yata@gmail.com"
| #define PACKAGE_URL ""
| #define PACKAGE "madoka"
| #define VERSION "0.0.2"
| /* end confdefs.h.  */
| #include <ac_nonexistent.h>
configure:7532: result: gcc -E
configure:7552: gcc -E  conftest.c
configure:7552: $? = 0
configure:7566: gcc -E  conftest.c
conftest.c:11:10: fatal error: ac_nonexistent.h: No such file or directory
 #include <ac_nonexistent.h>
          ^~~~~~~~~~~~~~~~~~
compilation terminated.
configure:7566: $? = 1
configure: failed program was:
| /* confdefs.h */
| #define PACKAGE_NAME "madoka"
| #define PACKAGE_TARNAME "madoka"
| #define PACKAGE_VERSION "0.0.2"
| #define PACKAGE_STRING "madoka 0.0.2"
| #define PACKAGE_BUGREPORT "susumu.yata@gmail.com"
| #define PACKAGE_URL ""
| #define PACKAGE "madoka"
| #define VERSION "0.0.2"
| /* end confdefs.h.  */
| #include <ac_nonexistent.h>
configure:7595: checking for ANSI C header files
configure:7615: gcc -c -g -O2  conftest.c >&5
configure:7615: $? = 0
configure:7688: gcc -o conftest -g -O2   conftest.c  >&5
configure:7688: $? = 0
configure:7688: ./conftest
configure:7688: $? = 0
configure:7699: result: yes
configure:7712: checking for sys/types.h
configure:7712: gcc -c -g -O2  conftest.c >&5
configure:7712: $? = 0
configure:7712: result: yes
configure:7712: checking for sys/stat.h
configure:7712: gcc -c -g -O2  conftest.c >&5
configure:7712: $? = 0
configure:7712: result: yes
configure:7712: checking for stdlib.h
configure:7712: gcc -c -g -O2  conftest.c >&5
configure:7712: $? = 0
configure:7712: result: yes
configure:7712: checking for string.h
configure:7712: gcc -c -g -O2  conftest.c >&5
configure:7712: $? = 0
configure:7712: result: yes
configure:7712: checking for memory.h
configure:7712: gcc -c -g -O2  conftest.c >&5
configure:7712: $? = 0
configure:7712: result: yes
configure:7712: checking for strings.h
configure:7712: gcc -c -g -O2  conftest.c >&5
configure:7712: $? = 0
configure:7712: result: yes
configure:7712: checking for inttypes.h
configure:7712: gcc -c -g -O2  conftest.c >&5
configure:7712: $? = 0
configure:7712: result: yes
configure:7712: checking for stdint.h
configure:7712: gcc -c -g -O2  conftest.c >&5
configure:7712: $? = 0
configure:7712: result: yes
configure:7712: checking for unistd.h
configure:7712: gcc -c -g -O2  conftest.c >&5
configure:7712: $? = 0
configure:7712: result: yes
configure:7726: checking for dlfcn.h
configure:7726: gcc -c -g -O2  conftest.c >&5
configure:7726: $? = 0
configure:7726: result: yes
configure:7924: checking for objdir
configure:7939: result: .libs
configure:8206: checking if gcc supports -fno-rtti -fno-exceptions
configure:8224: gcc -c -g -O2  -fno-rtti -fno-exceptions conftest.c >&5
cc1: warning: command line option '-fno-rtti' is valid for C++/ObjC++ but not for C
configure:8228: $? = 0
configure:8241: result: no
configure:8551: checking for gcc option to produce PIC
configure:8558: result: -fPIC -DPIC
configure:8566: checking if gcc PIC flag -fPIC -DPIC works
configure:8584: gcc -c -g -O2  -fPIC -DPIC -DPIC conftest.c >&5
configure:8588: $? = 0
configure:8601: result: yes
configure:8630: checking if gcc static flag -static works
configure:8658: result: yes
configure:8673: checking if gcc supports -c -o file.o
configure:8694: gcc -c -g -O2  -o out/conftest2.o conftest.c >&5
configure:8698: $? = 0
configure:8720: result: yes
configure:8728: checking if gcc supports -c -o file.o
configure:8775: result: yes
configure:8808: checking whether the gcc linker (/usr/bin/x86_64-linux-gnu-ld -m elf_x86_64) supports shared libraries
configure:9970: result: yes
configure:10007: checking whether -lc should be explicitly linked in
configure:10015: gcc -c -g -O2  conftest.c >&5
configure:10018: $? = 0
configure:10033: gcc -shared  -fPIC -DPIC conftest.o  -v -Wl,-soname -Wl,conftest -o conftest 2\>\&1 \| /bin/grep  -lc  \>/dev/null 2\>\&1
configure:10036: $? = 0
configure:10050: result: no
configure:10215: checking dynamic linker characteristics
configure:10730: gcc -o conftest -g -O2   -Wl,-rpath -Wl,/foo conftest.c  >&5
configure:10730: $? = 0
configure:10964: result: GNU/Linux ld.so
configure:11071: checking how to hardcode library paths into programs
configure:11096: result: immediate
configure:11636: checking whether stripping libraries is possible
configure:11641: result: yes
configure:11676: checking if libtool supports shared libraries
configure:11678: result: yes
configure:11681: checking whether to build shared libraries
configure:11702: result: yes
configure:11705: checking whether to build static libraries
configure:11709: result: yes
configure:11732: checking how to run the C++ preprocessor
configure:11759: g++ -E  conftest.cpp
configure:11759: $? = 0
configure:11773: g++ -E  conftest.cpp
conftest.cpp:23:10: fatal error: ac_nonexistent.h: No such file or directory
 #include <ac_nonexistent.h>
          ^~~~~~~~~~~~~~~~~~
compilation terminated.
configure:11773: $? = 1
configure: failed program was:
| /* confdefs.h */
| #define PACKAGE_NAME "madoka"
| #define PACKAGE_TARNAME "madoka"
| #define PACKAGE_VERSION "0.0.2"
| #define PACKAGE_STRING "madoka 0.0.2"
| #define PACKAGE_BUGREPORT "susumu.yata@gmail.com"
| #define PACKAGE_URL ""
| #define PACKAGE "madoka"
| #define VERSION "0.0.2"
| #define STDC_HEADERS 1
| #define HAVE_SYS_TYPES_H 1
| #define HAVE_SYS_STAT_H 1
| #define HAVE_STDLIB_H 1
| #define HAVE_STRING_H 1
| #define HAVE_MEMORY_H 1
| #define HAVE_STRINGS_H 1
| #define HAVE_INTTYPES_H 1
| #define HAVE_STDINT_H 1
| #define HAVE_UNISTD_H 1
| #define HAVE_DLFCN_H 1
| #define LT_OBJDIR ".libs/"
| /* end confdefs.h.  */
| #include <ac_nonexistent.h>
configure:11798: result: g++ -E
configure:11818: g++ -E  conftest.cpp
configure:11818: $? = 0
configure:11832: g++ -E  conftest.cpp
conftest.cpp:23:10: fatal error: ac_nonexistent.h: No such file or directory
 #include <ac_nonexistent.h>
          ^~~~~~~~~~~~~~~~~~
compilation terminated.
configure:11832: $? = 1
configure: failed program was:
| /* confdefs.h */
| #define PACKAGE_NAME "madoka"
| #define PACKAGE_TARNAME "madoka"
| #define PACKAGE_VERSION "0.0.2"
| #define PACKAGE_STRING "madoka 0.0.2"
| #define PACKAGE_BUGREPORT "susumu.yata@gmail.com"
| #define PACKAGE_URL ""
| #define PACKAGE "madoka"
| #define VERSION "0.0.2"
| #define STDC_HEADERS 1
| #define HAVE_SYS_TYPES_H 1
| #define HAVE_SYS_STAT_H 1
| #define HAVE_STDLIB_H 1
| #define HAVE_STRING_H 1
| #define HAVE_MEMORY_H 1
| #define HAVE_STRINGS_H 1
| #define HAVE_INTTYPES_H 1
| #define HAVE_STDINT_H 1
| #define HAVE_UNISTD_H 1
| #define HAVE_DLFCN_H 1
| #define LT_OBJDIR ".libs/"
| /* end confdefs.h.  */
| #include <ac_nonexistent.h>
configure:12002: checking for ld used by g++
configure:12069: result: /usr/bin/x86_64-linux-gnu-ld -m elf_x86_64
configure:12076: checking if the linker (/usr/bin/x86_64-linux-gnu-ld -m elf_x86_64) is GNU ld
configure:12091: result: yes
configure:12146: checking whether the g++ linker (/usr/bin/x86_64-linux-gnu-ld -m elf_x86_64) supports shared libraries
configure:13150: result: yes
configure:13185: g++ -c -g -O2  conftest.cpp >&5
configure:13188: $? = 0
configure:13708: checking for g++ option to produce PIC
configure:13715: result: -fPIC -DPIC
configure:13723: checking if g++ PIC flag -fPIC -DPIC works
configure:13741: g++ -c -g -O2  -fPIC -DPIC -DPIC conftest.cpp >&5
configure:13745: $? = 0
configure:13758: result: yes
configure:13781: checking if g++ static flag -static works
configure:13809: result: yes
configure:13821: checking if g++ supports -c -o file.o
configure:13842: g++ -c -g -O2  -o out/conftest2.o conftest.cpp >&5
configure:13846: $? = 0
configure:13868: result: yes
configure:13873: checking if g++ supports -c -o file.o
configure:13920: result: yes
configure:13950: checking whether the g++ linker (/usr/bin/x86_64-linux-gnu-ld -m elf_x86_64) supports shared libraries
configure:13987: result: yes
configure:14130: checking dynamic linker characteristics
configure:14813: result: GNU/Linux ld.so
configure:14866: checking how to hardcode library paths into programs
configure:14891: result: immediate
configure:14955: checking for pthread_create in -lpthread
configure:14980: gcc -o conftest -g -O2   conftest.c -lpthread   >&5
configure:14980: $? = 0
configure:14989: result: yes
configure:15006: checking for clock_gettime in -lrt
configure:15031: gcc -o conftest -g -O2   conftest.c -lrt   >&5
configure:15031: $? = 0
configure:15040: result: yes
configure:15207: creating ./config.status

## ---------------------- ##
## Running config.status. ##
## ---------------------- ##

This file was extended by madoka config.status 0.0.2, which was
generated by GNU Autoconf 2.68.  Invocation command line was

  CONFIG_FILES    = 
  CONFIG_HEADERS  = 
  CONFIG_LINKS    = 
  CONFIG_COMMANDS = 
  $ ./config.status 

on mostafa-IdeaPad-U410

config.status:1159: creating Makefile
config.status:1159: creating madoka.pc
config.status:1159: creating lib/Makefile
config.status:1159: creating src/Makefile
config.status:1159: creating test/Makefile
config.status:1159: creating config.h
config.status:1388: executing depfiles commands
config.status:1388: executing libtool commands

## ---------------- ##
## Cache variables. ##
## ---------------- ##

ac_cv_build=x86_64-unknown-linux-gnu
ac_cv_c_compiler_gnu=yes
ac_cv_cxx_compiler_gnu=yes
ac_cv_env_CCC_set=
ac_cv_env_CCC_value=
ac_cv_env_CC_set=
ac_cv_env_CC_value=
ac_cv_env_CFLAGS_set=
ac_cv_env_CFLAGS_value=
ac_cv_env_CPPFLAGS_set=
ac_cv_env_CPPFLAGS_value=
ac_cv_env_CPP_set=
ac_cv_env_CPP_value=
ac_cv_env_CXXCPP_set=
ac_cv_env_CXXCPP_value=
ac_cv_env_CXXFLAGS_set=
ac_cv_env_CXXFLAGS_value=
ac_cv_env_CXX_set=
ac_cv_env_CXX_value=
ac_cv_env_LDFLAGS_set=
ac_cv_env_LDFLAGS_value=
ac_cv_env_LIBS_set=
ac_cv_env_LIBS_value=
ac_cv_env_build_alias_set=
ac_cv_env_build_alias_value=
ac_cv_env_host_alias_set=
ac_cv_env_host_alias_value=
ac_cv_env_target_alias_set=
ac_cv_env_target_alias_value=
ac_cv_header_dlfcn_h=yes
ac_cv_header_inttypes_h=yes
ac_cv_header_memory_h=yes
ac_cv_header_stdc=yes
ac_cv_header_stdint_h=yes
ac_cv_header_stdlib_h=yes
ac_cv_header_string_h=yes
ac_cv_header_strings_h=yes
ac_cv_header_sys_stat_h=yes
ac_cv_header_sys_types_h=yes
ac_cv_header_unistd_h=yes
ac_cv_host=x86_64-unknown-linux-gnu
ac_cv_lib_pthread_pthread_create=yes
ac_cv_lib_rt_clock_gettime=yes
ac_cv_objext=o
ac_cv_path_EGREP='/bin/grep -E'
ac_cv_path_FGREP='/bin/grep -F'
ac_cv_path_GREP=/bin/grep
ac_cv_path_SED=/bin/sed
ac_cv_path_install='/usr/bin/install -c'
ac_cv_path_mkdir=/bin/mkdir
ac_cv_prog_AWK=gawk
ac_cv_prog_CPP='gcc -E'
ac_cv_prog_CXXCPP='g++ -E'
ac_cv_prog_ac_ct_AR=ar
ac_cv_prog_ac_ct_CC=gcc
ac_cv_prog_ac_ct_CXX=g++
ac_cv_prog_ac_ct_MANIFEST_TOOL=mt
ac_cv_prog_ac_ct_OBJDUMP=objdump
ac_cv_prog_ac_ct_RANLIB=ranlib
ac_cv_prog_ac_ct_STRIP=strip
ac_cv_prog_cc_c89=
ac_cv_prog_cc_g=yes
ac_cv_prog_cxx_g=yes
ac_cv_prog_make_make_set=yes
am_cv_CC_dependencies_compiler_type=gcc3
am_cv_CXX_dependencies_compiler_type=gcc3
lt_cv_ar_at_file=@
lt_cv_archive_cmds_need_lc=no
lt_cv_deplibs_check_method=pass_all
lt_cv_file_magic_cmd='$MAGIC_CMD'
lt_cv_file_magic_test_file=
lt_cv_ld_reload_flag=-r
lt_cv_nm_interface='BSD nm'
lt_cv_objdir=.libs
lt_cv_path_LD=/usr/bin/x86_64-linux-gnu-ld
lt_cv_path_LDCXX='/usr/bin/x86_64-linux-gnu-ld -m elf_x86_64'
lt_cv_path_NM='/usr/bin/nm -B'
lt_cv_path_mainfest_tool=no
lt_cv_prog_compiler_c_o=yes
lt_cv_prog_compiler_c_o_CXX=yes
lt_cv_prog_compiler_pic='-fPIC -DPIC'
lt_cv_prog_compiler_pic_CXX='-fPIC -DPIC'
lt_cv_prog_compiler_pic_works=yes
lt_cv_prog_compiler_pic_works_CXX=yes
lt_cv_prog_compiler_rtti_exceptions=no
lt_cv_prog_compiler_static_works=yes
lt_cv_prog_compiler_static_works_CXX=yes
lt_cv_prog_gnu_ld=yes
lt_cv_prog_gnu_ldcxx=yes
lt_cv_sharedlib_from_linklib_cmd='printf %s\n'
lt_cv_shlibpath_overrides_runpath=yes
lt_cv_sys_global_symbol_pipe='sed -n -e '\''s/^.*[	 ]\([ABCDGIRSTW][ABCDGIRSTW]*\)[	 ][	 ]*\([_A-Za-z][_A-Za-z0-9]*\)$/\1 \2 \2/p'\'' | sed '\''/ __gnu_lto/d'\'''
lt_cv_sys_global_symbol_to_c_name_address='sed -n -e '\''s/^: \([^ ]*\)[ ]*$/  {\"\1\", (void *) 0},/p'\'' -e '\''s/^[ABCDGIRSTW]* \([^ ]*\) \([^ ]*\)$/  {"\2", (void *) \&\2},/p'\'''
lt_cv_sys_global_symbol_to_c_name_address_lib_prefix='sed -n -e '\''s/^: \([^ ]*\)[ ]*$/  {\"\1\", (void *) 0},/p'\'' -e '\''s/^[ABCDGIRSTW]* \([^ ]*\) \(lib[^ ]*\)$/  {"\2", (void *) \&\2},/p'\'' -e '\''s/^[ABCDGIRSTW]* \([^ ]*\) \([^ ]*\)$/  {"lib\2", (void *) \&\2},/p'\'''
lt_cv_sys_global_symbol_to_cdecl='sed -n -e '\''s/^T .* \(.*\)$/extern int \1();/p'\'' -e '\''s/^[ABCDGIRSTW]* .* \(.*\)$/extern char \1;/p'\'''
lt_cv_sys_max_cmd_len=1572864
lt_cv_to_host_file_cmd=func_convert_file_noop
lt_cv_to_tool_file_cmd=func_convert_file_noop

## ----------------- ##
## Output variables. ##
## ----------------- ##

ACLOCAL='${SHELL} /home/mostafa/Documents/KmerCounting/MQF/madoka-0.0.2/missing --run aclocal-1.11'
AMDEPBACKSLASH='\'
AMDEP_FALSE='#'
AMDEP_TRUE=''
AMTAR='${SHELL} /home/mostafa/Documents/KmerCounting/MQF/madoka-0.0.2/missing --run tar'
AR='ar'
AUTOCONF='${SHELL} /home/mostafa/Documents/KmerCounting/MQF/madoka-0.0.2/missing --run autoconf'
AUTOHEADER='${SHELL} /home/mostafa/Documents/KmerCounting/MQF/madoka-0.0.2/missing --run autoheader'
AUTOMAKE='${SHELL} /home/mostafa/Documents/KmerCounting/MQF/madoka-0.0.2/missing --run automake-1.11'
AWK='gawk'
CC='gcc'
CCDEPMODE='depmode=gcc3'
CFLAGS='-g -O2'
CPP='gcc -E'
CPPFLAGS=''
CXX='g++'
CXXCPP='g++ -E'
CXXDEPMODE='depmode=gcc3'
CXXFLAGS='-g -O2'
CYGPATH_W='echo'
DEFS='-DHAVE_CONFIG_H'
DEPDIR='.deps'
DLLTOOL='false'
DSYMUTIL=''
DUMPBIN=''
ECHO_C=''
ECHO_N='-n'
ECHO_T=''
EGREP='/bin/grep -E'
EXEEXT=''
FGREP='/bin/grep -F'
GREP='/bin/grep'
HAVE_CLOCK_GETTIME_FALSE='#'
HAVE_CLOCK_GETTIME_TRUE=''
HAVE_PTHREAD_FALSE='#'
HAVE_PTHREAD_TRUE=''
INSTALL_DATA='${INSTALL} -m 644'
INSTALL_PROGRAM='${INSTALL}'
INSTALL_SCRIPT='${INSTALL}'
INSTALL_STRIP_PROGRAM='$(install_sh) -c -s'
LD='/usr/bin/x86_64-linux-gnu-ld -m elf_x86_64'
LDFLAGS=''
LIBOBJS=''
LIBS=''
LIBTOOL='$(SHELL) $(top_builddir)/libtool'
LIPO=''
LN_S='ln -s'
LTLIBOBJS=''
MAKEINFO='${SHELL} /home/mostafa/Documents/KmerCounting/MQF/madoka-0.0.2/missing --run makeinfo'
MANIFEST_TOOL=':'
MKDIR_P='/bin/mkdir -p'
NM='/usr/bin/nm -B'
NMEDIT=''
OBJDUMP='objdump'
OBJEXT='o'
OTOOL64=''
OTOOL=''
PACKAGE='madoka'
PACKAGE_BUGREPORT='susumu.yata@gmail.com'
PACKAGE_NAME='madoka'
PACKAGE_STRING='madoka 0.0.2'
PACKAGE_TARNAME='madoka'
PACKAGE_URL=''
PACKAGE_VERSION='0.0.2'
PATH_SEPARATOR=':'
RANLIB='ranlib'
SED='/bin/sed'
SET_MAKE=''
SHELL='/bin/bash'
STRIP='strip'
VERSION='0.0.2'
ac_ct_AR='ar'
ac_ct_CC='gcc'
ac_ct_CXX='g++'
ac_ct_DUMPBIN=''
am__EXEEXT_FALSE=''
am__EXEEXT_TRUE='#'
am__fastdepCC_FALSE='#'
am__fastdepCC_TRUE=''
am__fastdepCXX_FALSE='#'
am__fastdepCXX_TRUE=''
am__include='include'
am__isrc=''
am__leading_dot='.'
am__quote=''
am__tar='${AMTAR} chof - "$$tardir"'
am__untar='${AMTAR} xf -'
bindir='${exec_prefix}/bin'
build='x86_64-unknown-linux-gnu'
build_alias=''
build_cpu='x86_64'
build_os='linux-gnu'
build_vendor='unknown'
datadir='${datarootdir}'
datarootdir='${prefix}/share'
docdir='${datarootdir}/doc/${PACKAGE_TARNAME}'
dvidir='${docdir}'
exec_prefix='${prefix}'
host='x86_64-unknown-linux-gnu'
host_alias=''
host_cpu='x86_64'
host_os='linux-gnu'
host_vendor='unknown'
htmldir='${docdir}'
includedir='${prefix}/include'
infodir='${datarootdir}/info'
install_sh='${SHELL} /home/mostafa/Documents/KmerCounting/MQF/madoka-0.0.2/install-sh'
libdir='${exec_prefix}/lib'
libexecdir='${exec_prefix}/libexec'
localedir='${datarootdir}/locale'
localstatedir='${prefix}/var'
mandir='${datarootdir}/man'
mkdir_p='/bin/mkdir -p'
oldincludedir='/usr/include'
pdfdir='${docdir}'
prefix='/usr/local'
program_transform_name='s,x,x,'
psdir='${docdir}'
sbindir='${exec_prefix}/sbin'
sharedstatedir='${prefix}/com'
sysconfdir='${prefix}/etc'
target_alias=''

## ----------- ##
## confdefs.h. ##
## ----------- ##

/* confdefs.h */
#define PACKAGE_NAME "madoka"
#define PACKAGE_TARNAME "madoka"
#define PACKAGE_VERSION "0.0.2"
#define PACKAGE_STRING "madoka 0.0.2"
#define PACKAGE_BUGREPORT "susumu.yata@gmail.com"
#define PACKAGE_URL ""
#define PACKAGE "madoka"
#define VERSION "0.0.2"
#define STDC_HEADERS 1
#define HAVE_SYS_TYPES_H 1
#define HAVE_SYS_STAT_H 1
#define HAVE_STDLIB_H 1
#define HAVE_STRING_H 1
#define HAVE_MEMORY_H 1
#define HAVE_STRINGS_H 1
#define HAVE_INTTYPES_H 1
#define HAVE_STDINT_H 1
#define HAVE_UNISTD_H 1
#define HAVE_DLFCN_H 1
#define LT_OBJDIR ".libs/"

configure: exit 0
